# JRE version: Java(TM) SE Runtime Environment (17.0.2+8) (build 17.0.2+8-LTS-86)
# Java VM: Java HotSpot(TM) 64-Bit Server VM (17.0.2+8-LTS-86, mixed mode, sharing, tiered, compressed oops, compressed class ptrs, g1 gc, windows-amd64)
GC Precious Log:
 CPUs: 12 total, 12 available
 Memory: 16250M
 Large Page Support: Disabled
 NUMA Support: Disabled
 Compressed Oops: Enabled (32-bit)
 Heap Region Size: 1M
 Heap Min Capacity: 256M
 Heap Initial Capacity: 256M
 Heap Max Capacity: 512M
 Pre-touch: Disabled
 Parallel Workers: 10
 Concurrent Workers: 3
 Concurrent Refinement Workers: 10
 Periodic GC: Disabled
Heap:
 garbage-first heap   total 262144K, used 78990K [0x00000000e0000000, 0x0000000100000000)
  region size 1024K, 37 young (37888K), 18 survivors (18432K)
 Metaspace       used 62564K, committed 63168K, reserved 372736K
  class space    used 8731K, committed 8960K, reserved 315392K
GC Heap History (18 events):
Event: 0.545 GC heap before
{Heap before GC invocations=0 (full 0):
 garbage-first heap   total 262144K, used 26624K [0x00000000e0000000, 0x0000000100000000)
  region size 1024K, 23 young (23552K), 0 survivors (0K)
 Metaspace       used 3029K, committed 3200K, reserved 323584K
  class space    used 386K, committed 448K, reserved 315392K
}
Event: 0.548 GC heap after
{Heap after GC invocations=1 (full 0):
 garbage-first heap   total 262144K, used 10387K [0x00000000e0000000, 0x0000000100000000)
  region size 1024K, 3 young (3072K), 3 survivors (3072K)
 Metaspace       used 3029K, committed 3200K, reserved 323584K
  class space    used 386K, committed 448K, reserved 315392K
}
Event: 0.941 GC heap before
{Heap before GC invocations=1 (full 0):
 garbage-first heap   total 262144K, used 38035K [0x00000000e0000000, 0x0000000100000000)
  region size 1024K, 30 young (30720K), 3 survivors (3072K)
 Metaspace       used 4039K, committed 4160K, reserved 323584K
  class space    used 494K, committed 576K, reserved 315392K
}
Event: 0.943 GC heap after
{Heap after GC invocations=2 (full 0):
 garbage-first heap   total 262144K, used 11601K [0x00000000e0000000, 0x0000000100000000)
  region size 1024K, 1 young (1024K), 1 survivors (1024K)
 Metaspace       used 4039K, committed 4160K, reserved 323584K
  class space    used 494K, committed 576K, reserved 315392K
}
Event: 2.631 GC heap before
{Heap before GC invocations=2 (full 0):
 garbage-first heap   total 262144K, used 130385K [0x00000000e0000000, 0x0000000100000000)
  region size 1024K, 118 young (120832K), 1 survivors (1024K)
 Metaspace       used 21217K, committed 21504K, reserved 339968K
  class space    used 3105K, committed 3200K, reserved 315392K
}
Event: 2.637 GC heap after
{Heap after GC invocations=3 (full 0):
 garbage-first heap   total 262144K, used 22443K [0x00000000e0000000, 0x0000000100000000)
  region size 1024K, 12 young (12288K), 12 survivors (12288K)
 Metaspace       used 21217K, committed 21504K, reserved 339968K
  class space    used 3105K, committed 3200K, reserved 315392K
}
Event: 3.828 GC heap before
{Heap before GC invocations=4 (full 0):
 garbage-first heap   total 262144K, used 136107K [0x00000000e0000000, 0x0000000100000000)
  region size 1024K, 120 young (122880K), 12 survivors (12288K)
 Metaspace       used 35686K, committed 35968K, reserved 348160K
  class space    used 4925K, committed 5056K, reserved 315392K
}
Event: 3.837 GC heap after
{Heap after GC invocations=5 (full 0):
 garbage-first heap   total 262144K, used 31512K [0x00000000e0000000, 0x0000000100000000)
  region size 1024K, 9 young (9216K), 9 survivors (9216K)
 Metaspace       used 35686K, committed 35968K, reserved 348160K
  class space    used 4925K, committed 5056K, reserved 315392K
}
Event: 3.862 GC heap before
{Heap before GC invocations=5 (full 0):
 garbage-first heap   total 262144K, used 31512K [0x00000000e0000000, 0x0000000100000000)
  region size 1024K, 11 young (11264K), 9 survivors (9216K)
 Metaspace       used 35936K, committed 36288K, reserved 348160K
  class space    used 4965K, committed 5120K, reserved 315392K
}
Event: 3.868 GC heap after
{Heap after GC invocations=6 (full 0):
 garbage-first heap   total 262144K, used 31846K [0x00000000e0000000, 0x0000000100000000)
  region size 1024K, 2 young (2048K), 2 survivors (2048K)
 Metaspace       used 35936K, committed 36288K, reserved 348160K
  class space    used 4965K, committed 5120K, reserved 315392K
}
Event: 3.898 GC heap before
{Heap before GC invocations=6 (full 0):
 garbage-first heap   total 262144K, used 33894K [0x00000000e0000000, 0x0000000100000000)
  region size 1024K, 5 young (5120K), 2 survivors (2048K)
 Metaspace       used 36252K, committed 36608K, reserved 348160K
  class space    used 5011K, committed 5184K, reserved 315392K
}
Event: 3.899 GC heap after
{Heap after GC invocations=7 (full 0):
 garbage-first heap   total 262144K, used 30758K [0x00000000e0000000, 0x0000000100000000)
  region size 1024K, 1 young (1024K), 1 survivors (1024K)
 Metaspace       used 36252K, committed 36608K, reserved 348160K
  class space    used 5011K, committed 5184K, reserved 315392K
}
Event: 5.599 GC heap before
{Heap before GC invocations=8 (full 0):
 garbage-first heap   total 262144K, used 187430K [0x00000000e0000000, 0x0000000100000000)
  region size 1024K, 153 young (156672K), 1 survivors (1024K)
 Metaspace       used 48650K, committed 49152K, reserved 364544K
  class space    used 6929K, committed 7168K, reserved 315392K
}
Event: 5.605 GC heap after
{Heap after GC invocations=9 (full 0):
 garbage-first heap   total 262144K, used 42229K [0x00000000e0000000, 0x0000000100000000)
  region size 1024K, 12 young (12288K), 12 survivors (12288K)
 Metaspace       used 48650K, committed 49152K, reserved 364544K
  class space    used 6929K, committed 7168K, reserved 315392K
}
Event: 6.670 GC heap before
{Heap before GC invocations=9 (full 0):
 garbage-first heap   total 262144K, used 185589K [0x00000000e0000000, 0x0000000100000000)
  region size 1024K, 153 young (156672K), 12 survivors (12288K)
 Metaspace       used 53879K, committed 54464K, reserved 364544K
  class space    used 7618K, committed 7872K, reserved 315392K
}
Event: 6.681 GC heap after
{Heap after GC invocations=10 (full 0):
 garbage-first heap   total 262144K, used 52366K [0x00000000e0000000, 0x0000000100000000)
  region size 1024K, 10 young (10240K), 10 survivors (10240K)
 Metaspace       used 53879K, committed 54464K, reserved 364544K
  class space    used 7618K, committed 7872K, reserved 315392K
}
Event: 7.204 GC heap before
{Heap before GC invocations=10 (full 0):
 garbage-first heap   total 262144K, used 83086K [0x00000000e0000000, 0x0000000100000000)
  region size 1024K, 41 young (41984K), 10 survivors (10240K)
 Metaspace       used 60664K, committed 61248K, reserved 372736K
  class space    used 8455K, committed 8704K, reserved 315392K
}
Event: 7.210 GC heap after
{Heap after GC invocations=11 (full 0):
 garbage-first heap   total 262144K, used 60558K [0x00000000e0000000, 0x0000000100000000)
  region size 1024K, 18 young (18432K), 18 survivors (18432K)
 Metaspace       used 60664K, committed 61248K, reserved 372736K
  class space    used 8455K, committed 8704K, reserved 315392K
}

